[debug] [2019-09-04T02:53:06.633Z] ----------------------------------------------------------------------
[debug] [2019-09-04T02:53:06.636Z] Command:       /usr/local/bin/node /Users/ML/.npm-global/bin/firebase deploy --only hosting:testingfirebase-5ca1d
[debug] [2019-09-04T02:53:06.637Z] CLI Version:   7.3.0
[debug] [2019-09-04T02:53:06.637Z] Platform:      darwin
[debug] [2019-09-04T02:53:06.637Z] Node Version:  v10.16.3
[debug] [2019-09-04T02:53:06.638Z] Time:          Tue Sep 03 2019 22:53:06 GMT-0400 (Eastern Daylight Time)
[debug] [2019-09-04T02:53:06.638Z] ----------------------------------------------------------------------
[debug] 
[debug] [2019-09-04T02:53:06.661Z] > command requires scopes: ["email","openid","https://www.googleapis.com/auth/cloudplatformprojects.readonly","https://www.googleapis.com/auth/firebase","https://www.googleapis.com/auth/cloud-platform"]
[debug] [2019-09-04T02:53:06.661Z] > authorizing via signed-in user
[debug] [2019-09-04T02:53:06.662Z] [iam] checking project test-94645 for permissions ["firebase.projects.get","firebasehosting.sites.update"]
[debug] [2019-09-04T02:53:06.663Z] >>> HTTP REQUEST POST https://cloudresourcemanager.googleapis.com/v1/projects/test-94645:testIamPermissions  

[debug] [2019-09-04T02:53:07.058Z] <<< HTTP RESPONSE 200
[debug] [2019-09-04T02:53:07.060Z] >>> HTTP REQUEST GET https://firebase.googleapis.com/v1beta1/projects/test-94645  
 
[debug] [2019-09-04T02:53:07.343Z] <<< HTTP RESPONSE 200
[info] 
[info] === Deploying to 'test-94645'...
[info] 
[info] i  deploying hosting
[info] 
[info] ✔  Deploy complete!
[info] 
[info] Project Console: https://console.firebase.google.com/project/test-94645/overview
[debug] [2019-09-04T02:53:09.015Z] TypeError: Cannot read property 'deploys' of undefined
    at /Users/ML/.npm-global/lib/node_modules/firebase-tools/lib/deploy/index.js:84:36
    at process._tickCallback (internal/process/next_tick.js:68:7)
[error] 
[error] Error: An unexpected error has occurred.
